0 verbose cli C:\Program Files\nodejs\node.exe C:\Users\user\AppData\Roaming\npm\node_modules\npm\bin\npm-cli.js
1 info using npm@11.11.0
2 info using node@v24.14.0
3 silly config load:file:C:\Users\user\AppData\Roaming\npm\node_modules\npm\npmrc
4 silly config load:file:C:\Users\user\Desktop\messenger-hw\backend\.npmrc
5 silly config load:file:C:\Users\user\.npmrc
6 silly config load:file:C:\Users\user\AppData\Roaming\npm\etc\npmrc
7 verbose title npm install express cors bcryptjs jsonwebtoken uuid
8 verbose argv "install" "express" "cors" "bcryptjs" "jsonwebtoken" "uuid" "--no-audit" "--no-fund" "--cache" ".\\.npm-cache-temp"
9 verbose logfile logs-max:10 dir:C:\Users\user\Desktop\messenger-hw\backend\.npm-cache-temp\_logs\2026-06-09T08_23_39_432Z-
10 verbose logfile C:\Users\user\Desktop\messenger-hw\backend\.npm-cache-temp\_logs\2026-06-09T08_23_39_432Z-debug-0.log
11 silly logfile done cleaning log files
12 silly packumentCache heap:4496293888 maxSize:1124073472 maxEntrySize:562036736
13 silly idealTree buildDeps
14 silly fetch manifest bcryptjs@^2.4.3
15 silly packumentCache full:https://registry.npmjs.org/bcryptjs cache-miss
16 http fetch GET 200 https://registry.npmjs.org/bcryptjs 81ms (cache miss)
17 silly packumentCache full:https://registry.npmjs.org/bcryptjs set size:undefined disposed:false
18 silly fetch manifest cors@^2.8.5
19 silly packumentCache full:https://registry.npmjs.org/cors cache-miss
20 http fetch GET 200 https://registry.npmjs.org/npm 171ms
21 http fetch GET 200 https://registry.npmjs.org/cors 62ms (cache miss)
22 silly packumentCache full:https://registry.npmjs.org/cors set size:undefined disposed:false
23 silly fetch manifest express@^4.18.2
24 silly packumentCache full:https://registry.npmjs.org/express cache-miss
25 http fetch GET 200 https://registry.npmjs.org/express 106ms (cache miss)
26 silly packumentCache full:https://registry.npmjs.org/express set size:undefined disposed:false
27 silly fetch manifest jsonwebtoken@^9.0.0
28 silly packumentCache full:https://registry.npmjs.org/jsonwebtoken cache-miss
29 http fetch GET 200 https://registry.npmjs.org/jsonwebtoken 45ms (cache miss)
30 silly packumentCache full:https://registry.npmjs.org/jsonwebtoken set size:undefined disposed:false
31 silly fetch manifest uuid@^9.0.0
32 silly packumentCache full:https://registry.npmjs.org/uuid cache-miss
33 http fetch GET 200 https://registry.npmjs.org/uuid 53ms (cache miss)
34 silly packumentCache full:https://registry.npmjs.org/uuid set size:undefined disposed:false
35 silly placeDep ROOT bcryptjs@2.4.3 REPLACE for: messenger-hw-server@0.1.0 want: ^2.4.3
36 silly placeDep ROOT cors@2.8.6 REPLACE for: messenger-hw-server@0.1.0 want: ^2.8.5
37 silly placeDep ROOT express@4.22.2 REPLACE for: messenger-hw-server@0.1.0 want: ^4.18.2
38 silly placeDep ROOT jsonwebtoken@9.0.3 REPLACE for: messenger-hw-server@0.1.0 want: ^9.0.0
39 silly placeDep ROOT uuid@9.0.1 REPLACE for: messenger-hw-server@0.1.0 want: ^9.0.0
40 silly reify moves {}
41 http cache uuid@https://registry.npmjs.org/uuid/-/uuid-9.0.1.tgz 0ms (cache hit)
42 http cache jsonwebtoken@https://registry.npmjs.org/jsonwebtoken/-/jsonwebtoken-9.0.3.tgz 0ms (cache hit)
43 http cache express@https://registry.npmjs.org/express/-/express-4.22.2.tgz 0ms (cache hit)
44 http cache cors@https://registry.npmjs.org/cors/-/cors-2.8.6.tgz 0ms (cache hit)
45 http cache vary@https://registry.npmjs.org/vary/-/vary-1.1.2.tgz 0ms (cache hit)
46 http cache bcryptjs@https://registry.npmjs.org/bcryptjs/-/bcryptjs-2.4.3.tgz 0ms (cache hit)
47 http cache utils-merge@https://registry.npmjs.org/utils-merge/-/utils-merge-1.0.1.tgz 0ms (cache hit)
48 http cache unpipe@https://registry.npmjs.org/unpipe/-/unpipe-1.0.0.tgz 0ms (cache hit)
49 http cache type-is@https://registry.npmjs.org/type-is/-/type-is-1.6.18.tgz 0ms (cache hit)
50 http cache toidentifier@https://registry.npmjs.org/toidentifier/-/toidentifier-1.0.1.tgz 0ms (cache hit)
51 http cache statuses@https://registry.npmjs.org/statuses/-/statuses-2.0.2.tgz 0ms (cache hit)
52 http cache side-channel-weakmap@https://registry.npmjs.org/side-channel-weakmap/-/side-channel-weakmap-1.0.2.tgz 0ms (cache hit)
53 http cache side-channel-map@https://registry.npmjs.org/side-channel-map/-/side-channel-map-1.0.1.tgz 0ms (cache hit)
54 http cache side-channel-list@https://registry.npmjs.org/side-channel-list/-/side-channel-list-1.0.1.tgz 0ms (cache hit)
55 http cache setprototypeof@https://registry.npmjs.org/setprototypeof/-/setprototypeof-1.2.0.tgz 0ms (cache hit)
56 http cache side-channel@https://registry.npmjs.org/side-channel/-/side-channel-1.1.1.tgz 0ms (cache hit)
57 http cache serve-static@https://registry.npmjs.org/serve-static/-/serve-static-1.16.3.tgz 0ms (cache hit)
58 http cache send@https://registry.npmjs.org/send/-/send-0.19.2.tgz 0ms (cache hit)
59 http cache semver@https://registry.npmjs.org/semver/-/semver-7.8.3.tgz 0ms (cache hit)
60 http cache safer-buffer@https://registry.npmjs.org/safer-buffer/-/safer-buffer-2.1.2.tgz 0ms (cache hit)
61 http cache safe-buffer@https://registry.npmjs.org/safe-buffer/-/safe-buffer-5.2.1.tgz 0ms (cache hit)
62 http cache raw-body@https://registry.npmjs.org/raw-body/-/raw-body-2.5.3.tgz 0ms (cache hit)
63 http cache range-parser@https://registry.npmjs.org/range-parser/-/range-parser-1.2.1.tgz 0ms (cache hit)
64 http cache qs@https://registry.npmjs.org/qs/-/qs-6.15.2.tgz 0ms (cache hit)
65 http cache proxy-addr@https://registry.npmjs.org/proxy-addr/-/proxy-addr-2.0.7.tgz 0ms (cache hit)
66 http cache path-to-regexp@https://registry.npmjs.org/path-to-regexp/-/path-to-regexp-0.1.13.tgz 0ms (cache hit)
67 http cache parseurl@https://registry.npmjs.org/parseurl/-/parseurl-1.3.3.tgz 0ms (cache hit)
68 http cache on-finished@https://registry.npmjs.org/on-finished/-/on-finished-2.4.1.tgz 0ms (cache hit)
69 http cache object-inspect@https://registry.npmjs.org/object-inspect/-/object-inspect-1.13.4.tgz 0ms (cache hit)
70 http cache object-assign@https://registry.npmjs.org/object-assign/-/object-assign-4.1.1.tgz 0ms (cache hit)
71 http cache negotiator@https://registry.npmjs.org/negotiator/-/negotiator-0.6.3.tgz 0ms (cache hit)
72 http cache ms@https://registry.npmjs.org/ms/-/ms-2.0.0.tgz 0ms (cache hit)
73 http cache mime-types@https://registry.npmjs.org/mime-types/-/mime-types-2.1.35.tgz 0ms (cache hit)
74 http cache mime-db@https://registry.npmjs.org/mime-db/-/mime-db-1.52.0.tgz 0ms (cache hit)
75 http cache mime@https://registry.npmjs.org/mime/-/mime-1.6.0.tgz 0ms (cache hit)
76 http cache methods@https://registry.npmjs.org/methods/-/methods-1.1.2.tgz 0ms (cache hit)
77 http cache merge-descriptors@https://registry.npmjs.org/merge-descriptors/-/merge-descriptors-1.0.3.tgz 0ms (cache hit)
78 http cache media-typer@https://registry.npmjs.org/media-typer/-/media-typer-0.3.0.tgz 0ms (cache hit)
79 http cache math-intrinsics@https://registry.npmjs.org/math-intrinsics/-/math-intrinsics-1.1.0.tgz 0ms (cache hit)
80 http cache lodash.once@https://registry.npmjs.org/lodash.once/-/lodash.once-4.1.1.tgz 0ms (cache hit)
81 http cache lodash.isstring@https://registry.npmjs.org/lodash.isstring/-/lodash.isstring-4.0.1.tgz 0ms (cache hit)
82 http cache lodash.isplainobject@https://registry.npmjs.org/lodash.isplainobject/-/lodash.isplainobject-4.0.6.tgz 0ms (cache hit)
83 http cache lodash.isnumber@https://registry.npmjs.org/lodash.isnumber/-/lodash.isnumber-3.0.3.tgz 0ms (cache hit)
84 http cache lodash.isinteger@https://registry.npmjs.org/lodash.isinteger/-/lodash.isinteger-4.0.4.tgz 0ms (cache hit)
85 http cache lodash.isboolean@https://registry.npmjs.org/lodash.isboolean/-/lodash.isboolean-3.0.3.tgz 0ms (cache hit)
86 http cache lodash.includes@https://registry.npmjs.org/lodash.includes/-/lodash.includes-4.3.0.tgz 0ms (cache hit)
87 http cache jws@https://registry.npmjs.org/jws/-/jws-4.0.1.tgz 0ms (cache hit)
88 http cache jwa@https://registry.npmjs.org/jwa/-/jwa-2.0.1.tgz 0ms (cache hit)
89 http cache ipaddr.js@https://registry.npmjs.org/ipaddr.js/-/ipaddr.js-1.9.1.tgz 0ms (cache hit)
90 http cache inherits@https://registry.npmjs.org/inherits/-/inherits-2.0.4.tgz 0ms (cache hit)
91 http cache iconv-lite@https://registry.npmjs.org/iconv-lite/-/iconv-lite-0.4.24.tgz 0ms (cache hit)
92 http cache http-errors@https://registry.npmjs.org/http-errors/-/http-errors-2.0.1.tgz 0ms (cache hit)
93 http cache hasown@https://registry.npmjs.org/hasown/-/hasown-2.0.4.tgz 0ms (cache hit)
94 http cache has-symbols@https://registry.npmjs.org/has-symbols/-/has-symbols-1.1.0.tgz 0ms (cache hit)
95 http cache gopd@https://registry.npmjs.org/gopd/-/gopd-1.2.0.tgz 0ms (cache hit)
96 http cache get-proto@https://registry.npmjs.org/get-proto/-/get-proto-1.0.1.tgz 0ms (cache hit)
97 http cache get-intrinsic@https://registry.npmjs.org/get-intrinsic/-/get-intrinsic-1.3.0.tgz 0ms (cache hit)
98 http cache function-bind@https://registry.npmjs.org/function-bind/-/function-bind-1.1.2.tgz 0ms (cache hit)
99 http cache fresh@https://registry.npmjs.org/fresh/-/fresh-0.5.2.tgz 0ms (cache hit)
100 http cache forwarded@https://registry.npmjs.org/forwarded/-/forwarded-0.2.0.tgz 0ms (cache hit)
101 http cache finalhandler@https://registry.npmjs.org/finalhandler/-/finalhandler-1.3.2.tgz 0ms (cache hit)
102 http cache etag@https://registry.npmjs.org/etag/-/etag-1.8.1.tgz 0ms (cache hit)
103 http cache escape-html@https://registry.npmjs.org/escape-html/-/escape-html-1.0.3.tgz 0ms (cache hit)
104 http cache es-object-atoms@https://registry.npmjs.org/es-object-atoms/-/es-object-atoms-1.1.2.tgz 0ms (cache hit)
105 http cache es-errors@https://registry.npmjs.org/es-errors/-/es-errors-1.3.0.tgz 0ms (cache hit)
106 http cache es-define-property@https://registry.npmjs.org/es-define-property/-/es-define-property-1.0.1.tgz 0ms (cache hit)
107 http cache encodeurl@https://registry.npmjs.org/encodeurl/-/encodeurl-2.0.0.tgz 0ms (cache hit)
108 http cache ee-first@https://registry.npmjs.org/ee-first/-/ee-first-1.1.1.tgz 0ms (cache hit)
109 http cache ecdsa-sig-formatter@https://registry.npmjs.org/ecdsa-sig-formatter/-/ecdsa-sig-formatter-1.0.11.tgz 0ms (cache hit)
110 http cache dunder-proto@https://registry.npmjs.org/dunder-proto/-/dunder-proto-1.0.1.tgz 0ms (cache hit)
111 http cache destroy@https://registry.npmjs.org/destroy/-/destroy-1.2.0.tgz 1ms (cache hit)
112 http cache depd@https://registry.npmjs.org/depd/-/depd-2.0.0.tgz 0ms (cache hit)
113 http cache debug@https://registry.npmjs.org/debug/-/debug-2.6.9.tgz 0ms (cache hit)
114 http cache cookie-signature@https://registry.npmjs.org/cookie-signature/-/cookie-signature-1.0.7.tgz 0ms (cache hit)
115 http cache cookie@https://registry.npmjs.org/cookie/-/cookie-0.7.2.tgz 0ms (cache hit)
116 http cache content-type@https://registry.npmjs.org/content-type/-/content-type-1.0.5.tgz 0ms (cache hit)
117 http cache content-disposition@https://registry.npmjs.org/content-disposition/-/content-disposition-0.5.4.tgz 0ms (cache hit)
118 http cache call-bound@https://registry.npmjs.org/call-bound/-/call-bound-1.0.4.tgz 0ms (cache hit)
119 http cache call-bind-apply-helpers@https://registry.npmjs.org/call-bind-apply-helpers/-/call-bind-apply-helpers-1.0.2.tgz 0ms (cache hit)
120 http cache bytes@https://registry.npmjs.org/bytes/-/bytes-3.1.2.tgz 0ms (cache hit)
121 http cache buffer-equal-constant-time@https://registry.npmjs.org/buffer-equal-constant-time/-/buffer-equal-constant-time-1.0.1.tgz 0ms (cache hit)
122 http cache body-parser@https://registry.npmjs.org/body-parser/-/body-parser-1.20.5.tgz 0ms (cache hit)
123 http cache array-flatten@https://registry.npmjs.org/array-flatten/-/array-flatten-1.1.1.tgz 0ms (cache hit)
124 http cache accepts@https://registry.npmjs.org/accepts/-/accepts-1.3.8.tgz 1ms (cache hit)
125 http cache ms@https://registry.npmjs.org/ms/-/ms-2.1.3.tgz 0ms (cache hit)
126 http cache ms@https://registry.npmjs.org/ms/-/ms-2.1.3.tgz 0ms (cache hit)
127 silly tarball no local data for uuid@https://registry.npmjs.org/uuid/-/uuid-9.0.1.tgz. Extracting by manifest.
128 silly tarball no local data for jsonwebtoken@https://registry.npmjs.org/jsonwebtoken/-/jsonwebtoken-9.0.3.tgz. Extracting by manifest.
129 silly tarball no local data for express@https://registry.npmjs.org/express/-/express-4.22.2.tgz. Extracting by manifest.
130 silly tarball no local data for cors@https://registry.npmjs.org/cors/-/cors-2.8.6.tgz. Extracting by manifest.
131 silly tarball no local data for vary@https://registry.npmjs.org/vary/-/vary-1.1.2.tgz. Extracting by manifest.
132 silly tarball no local data for bcryptjs@https://registry.npmjs.org/bcryptjs/-/bcryptjs-2.4.3.tgz. Extracting by manifest.
133 silly tarball no local data for utils-merge@https://registry.npmjs.org/utils-merge/-/utils-merge-1.0.1.tgz. Extracting by manifest.
134 silly tarball no local data for unpipe@https://registry.npmjs.org/unpipe/-/unpipe-1.0.0.tgz. Extracting by manifest.
135 silly tarball no local data for type-is@https://registry.npmjs.org/type-is/-/type-is-1.6.18.tgz. Extracting by manifest.
136 silly tarball no local data for toidentifier@https://registry.npmjs.org/toidentifier/-/toidentifier-1.0.1.tgz. Extracting by manifest.
137 silly tarball no local data for statuses@https://registry.npmjs.org/statuses/-/statuses-2.0.2.tgz. Extracting by manifest.
138 silly tarball no local data for side-channel-weakmap@https://registry.npmjs.org/side-channel-weakmap/-/side-channel-weakmap-1.0.2.tgz. Extracting by manifest.
139 silly tarball no local data for side-channel-map@https://registry.npmjs.org/side-channel-map/-/side-channel-map-1.0.1.tgz. Extracting by manifest.
140 silly tarball no local data for side-channel-list@https://registry.npmjs.org/side-channel-list/-/side-channel-list-1.0.1.tgz. Extracting by manifest.
141 silly tarball no local data for setprototypeof@https://registry.npmjs.org/setprototypeof/-/setprototypeof-1.2.0.tgz. Extracting by manifest.
142 silly tarball no local data for side-channel@https://registry.npmjs.org/side-channel/-/side-channel-1.1.1.tgz. Extracting by manifest.
143 silly tarball no local data for serve-static@https://registry.npmjs.org/serve-static/-/serve-static-1.16.3.tgz. Extracting by manifest.
144 silly tarball no local data for send@https://registry.npmjs.org/send/-/send-0.19.2.tgz. Extracting by manifest.
145 silly tarball no local data for semver@https://registry.npmjs.org/semver/-/semver-7.8.3.tgz. Extracting by manifest.
146 silly tarball no local data for safer-buffer@https://registry.npmjs.org/safer-buffer/-/safer-buffer-2.1.2.tgz. Extracting by manifest.
147 silly tarball no local data for safe-buffer@https://registry.npmjs.org/safe-buffer/-/safe-buffer-5.2.1.tgz. Extracting by manifest.
148 silly tarball no local data for raw-body@https://registry.npmjs.org/raw-body/-/raw-body-2.5.3.tgz. Extracting by manifest.
149 silly tarball no local data for range-parser@https://registry.npmjs.org/range-parser/-/range-parser-1.2.1.tgz. Extracting by manifest.
150 silly tarball no local data for qs@https://registry.npmjs.org/qs/-/qs-6.15.2.tgz. Extracting by manifest.
151 silly tarball no local data for proxy-addr@https://registry.npmjs.org/proxy-addr/-/proxy-addr-2.0.7.tgz. Extracting by manifest.
152 silly tarball no local data for path-to-regexp@https://registry.npmjs.org/path-to-regexp/-/path-to-regexp-0.1.13.tgz. Extracting by manifest.
153 silly tarball no local data for parseurl@https://registry.npmjs.org/parseurl/-/parseurl-1.3.3.tgz. Extracting by manifest.
154 silly tarball no local data for on-finished@https://registry.npmjs.org/on-finished/-/on-finished-2.4.1.tgz. Extracting by manifest.
155 silly tarball no local data for object-inspect@https://registry.npmjs.org/object-inspect/-/object-inspect-1.13.4.tgz. Extracting by manifest.
156 silly tarball no local data for object-assign@https://registry.npmjs.org/object-assign/-/object-assign-4.1.1.tgz. Extracting by manifest.
157 silly tarball no local data for negotiator@https://registry.npmjs.org/negotiator/-/negotiator-0.6.3.tgz. Extracting by manifest.
158 silly tarball no local data for ms@https://registry.npmjs.org/ms/-/ms-2.0.0.tgz. Extracting by manifest.
159 silly tarball no local data for mime-types@https://registry.npmjs.org/mime-types/-/mime-types-2.1.35.tgz. Extracting by manifest.
160 silly tarball no local data for mime-db@https://registry.npmjs.org/mime-db/-/mime-db-1.52.0.tgz. Extracting by manifest.
161 silly tarball no local data for mime@https://registry.npmjs.org/mime/-/mime-1.6.0.tgz. Extracting by manifest.
162 silly tarball no local data for methods@https://registry.npmjs.org/methods/-/methods-1.1.2.tgz. Extracting by manifest.
163 silly tarball no local data for merge-descriptors@https://registry.npmjs.org/merge-descriptors/-/merge-descriptors-1.0.3.tgz. Extracting by manifest.
164 silly tarball no local data for media-typer@https://registry.npmjs.org/media-typer/-/media-typer-0.3.0.tgz. Extracting by manifest.
165 silly tarball no local data for math-intrinsics@https://registry.npmjs.org/math-intrinsics/-/math-intrinsics-1.1.0.tgz. Extracting by manifest.
166 silly tarball no local data for lodash.once@https://registry.npmjs.org/lodash.once/-/lodash.once-4.1.1.tgz. Extracting by manifest.
167 silly tarball no local data for lodash.isstring@https://registry.npmjs.org/lodash.isstring/-/lodash.isstring-4.0.1.tgz. Extracting by manifest.
168 silly tarball no local data for lodash.isplainobject@https://registry.npmjs.org/lodash.isplainobject/-/lodash.isplainobject-4.0.6.tgz. Extracting by manifest.
169 silly tarball no local data for lodash.isnumber@https://registry.npmjs.org/lodash.isnumber/-/lodash.isnumber-3.0.3.tgz. Extracting by manifest.
170 silly tarball no local data for lodash.isinteger@https://registry.npmjs.org/lodash.isinteger/-/lodash.isinteger-4.0.4.tgz. Extracting by manifest.
171 silly tarball no local data for lodash.isboolean@https://registry.npmjs.org/lodash.isboolean/-/lodash.isboolean-3.0.3.tgz. Extracting by manifest.
172 silly tarball no local data for lodash.includes@https://registry.npmjs.org/lodash.includes/-/lodash.includes-4.3.0.tgz. Extracting by manifest.
173 silly tarball no local data for jws@https://registry.npmjs.org/jws/-/jws-4.0.1.tgz. Extracting by manifest.
174 silly tarball no local data for jwa@https://registry.npmjs.org/jwa/-/jwa-2.0.1.tgz. Extracting by manifest.
175 silly tarball no local data for ipaddr.js@https://registry.npmjs.org/ipaddr.js/-/ipaddr.js-1.9.1.tgz. Extracting by manifest.
176 silly tarball no local data for inherits@https://registry.npmjs.org/inherits/-/inherits-2.0.4.tgz. Extracting by manifest.
177 silly tarball no local data for iconv-lite@https://registry.npmjs.org/iconv-lite/-/iconv-lite-0.4.24.tgz. Extracting by manifest.
178 silly tarball no local data for http-errors@https://registry.npmjs.org/http-errors/-/http-errors-2.0.1.tgz. Extracting by manifest.
179 silly tarball no local data for hasown@https://registry.npmjs.org/hasown/-/hasown-2.0.4.tgz. Extracting by manifest.
180 silly tarball no local data for has-symbols@https://registry.npmjs.org/has-symbols/-/has-symbols-1.1.0.tgz. Extracting by manifest.
181 silly tarball no local data for gopd@https://registry.npmjs.org/gopd/-/gopd-1.2.0.tgz. Extracting by manifest.
182 silly tarball no local data for get-proto@https://registry.npmjs.org/get-proto/-/get-proto-1.0.1.tgz. Extracting by manifest.
183 silly tarball no local data for get-intrinsic@https://registry.npmjs.org/get-intrinsic/-/get-intrinsic-1.3.0.tgz. Extracting by manifest.
184 silly tarball no local data for function-bind@https://registry.npmjs.org/function-bind/-/function-bind-1.1.2.tgz. Extracting by manifest.
185 silly tarball no local data for fresh@https://registry.npmjs.org/fresh/-/fresh-0.5.2.tgz. Extracting by manifest.
186 silly tarball no local data for forwarded@https://registry.npmjs.org/forwarded/-/forwarded-0.2.0.tgz. Extracting by manifest.
187 silly tarball no local data for finalhandler@https://registry.npmjs.org/finalhandler/-/finalhandler-1.3.2.tgz. Extracting by manifest.
188 silly tarball no local data for etag@https://registry.npmjs.org/etag/-/etag-1.8.1.tgz. Extracting by manifest.
189 silly tarball no local data for escape-html@https://registry.npmjs.org/escape-html/-/escape-html-1.0.3.tgz. Extracting by manifest.
190 silly tarball no local data for es-object-atoms@https://registry.npmjs.org/es-object-atoms/-/es-object-atoms-1.1.2.tgz. Extracting by manifest.
191 silly tarball no local data for es-errors@https://registry.npmjs.org/es-errors/-/es-errors-1.3.0.tgz. Extracting by manifest.
192 silly tarball no local data for es-define-property@https://registry.npmjs.org/es-define-property/-/es-define-property-1.0.1.tgz. Extracting by manifest.
193 silly tarball no local data for encodeurl@https://registry.npmjs.org/encodeurl/-/encodeurl-2.0.0.tgz. Extracting by manifest.
194 silly tarball no local data for ee-first@https://registry.npmjs.org/ee-first/-/ee-first-1.1.1.tgz. Extracting by manifest.
195 silly tarball no local data for ecdsa-sig-formatter@https://registry.npmjs.org/ecdsa-sig-formatter/-/ecdsa-sig-formatter-1.0.11.tgz. Extracting by manifest.
196 silly tarball no local data for dunder-proto@https://registry.npmjs.org/dunder-proto/-/dunder-proto-1.0.1.tgz. Extracting by manifest.
197 silly tarball no local data for destroy@https://registry.npmjs.org/destroy/-/destroy-1.2.0.tgz. Extracting by manifest.
198 silly tarball no local data for depd@https://registry.npmjs.org/depd/-/depd-2.0.0.tgz. Extracting by manifest.
199 silly tarball no local data for debug@https://registry.npmjs.org/debug/-/debug-2.6.9.tgz. Extracting by manifest.
200 silly tarball no local data for cookie-signature@https://registry.npmjs.org/cookie-signature/-/cookie-signature-1.0.7.tgz. Extracting by manifest.
201 silly tarball no local data for cookie@https://registry.npmjs.org/cookie/-/cookie-0.7.2.tgz. Extracting by manifest.
202 silly tarball no local data for content-type@https://registry.npmjs.org/content-type/-/content-type-1.0.5.tgz. Extracting by manifest.
203 silly tarball no local data for content-disposition@https://registry.npmjs.org/content-disposition/-/content-disposition-0.5.4.tgz. Extracting by manifest.
204 silly tarball no local data for call-bound@https://registry.npmjs.org/call-bound/-/call-bound-1.0.4.tgz. Extracting by manifest.
205 silly tarball no local data for call-bind-apply-helpers@https://registry.npmjs.org/call-bind-apply-helpers/-/call-bind-apply-helpers-1.0.2.tgz. Extracting by manifest.
206 silly tarball no local data for bytes@https://registry.npmjs.org/bytes/-/bytes-3.1.2.tgz. Extracting by manifest.
207 silly tarball no local data for buffer-equal-constant-time@https://registry.npmjs.org/buffer-equal-constant-time/-/buffer-equal-constant-time-1.0.1.tgz. Extracting by manifest.
208 silly tarball no local data for body-parser@https://registry.npmjs.org/body-parser/-/body-parser-1.20.5.tgz. Extracting by manifest.
209 silly tarball no local data for array-flatten@https://registry.npmjs.org/array-flatten/-/array-flatten-1.1.1.tgz. Extracting by manifest.
210 silly tarball no local data for accepts@https://registry.npmjs.org/accepts/-/accepts-1.3.8.tgz. Extracting by manifest.
211 silly tarball no local data for ms@https://registry.npmjs.org/ms/-/ms-2.1.3.tgz. Extracting by manifest.
212 silly tarball no local data for ms@https://registry.npmjs.org/ms/-/ms-2.1.3.tgz. Extracting by manifest.
213 http fetch GET 200 https://registry.npmjs.org/jsonwebtoken/-/jsonwebtoken-9.0.3.tgz 130ms (cache miss)
214 http fetch GET 200 https://registry.npmjs.org/serve-static/-/serve-static-1.16.3.tgz 138ms (cache miss)
215 http fetch GET 200 https://registry.npmjs.org/vary/-/vary-1.1.2.tgz 226ms (cache miss)
216 http fetch GET 200 https://registry.npmjs.org/type-is/-/type-is-1.6.18.tgz 234ms (cache miss)
217 http fetch GET 200 https://registry.npmjs.org/unpipe/-/unpipe-1.0.0.tgz 257ms (cache miss)
218 warn tarball tarball data for lodash.once@https://registry.npmjs.org/lodash.once/-/lodash.once-4.1.1.tgz (sha512-Sb487aTOCr9drQVL8pIxOzVhafOjZN9UU54hiN8PU3uAiSV7lx1yYNpbNmex2PK6SJoNTSJUUswT651yww3Mg==) seems to be corrupted. Trying again.
219 http fetch GET 200 https://registry.npmjs.org/side-channel/-/side-channel-1.1.1.tgz 260ms (cache miss)
220 http fetch GET 200 https://registry.npmjs.org/utils-merge/-/utils-merge-1.0.1.tgz 266ms (cache miss)
221 http fetch GET 200 https://registry.npmjs.org/toidentifier/-/toidentifier-1.0.1.tgz 264ms (cache miss)
222 warn tarball tarball data for http-errors@https://registry.npmjs.org/http-errors/-/http-errors-2.0.1.tgz (sha512-4FbRdAX+bSdmo4AUFuS0WNiPz8NgFt+r8ThgNWmlrQjt1Q7ZR9+zTlce2859x4KSXrwIsaeTqDoKQmtP8pLmQ==) seems to be corrupted. Trying again.
223 http fetch GET 200 https://registry.npmjs.org/setprototypeof/-/setprototypeof-1.2.0.tgz 268ms (cache miss)
224 http fetch GET 200 https://registry.npmjs.org/raw-body/-/raw-body-2.5.3.tgz 275ms (cache miss)
225 http fetch GET 200 https://registry.npmjs.org/send/-/send-0.19.2.tgz 296ms (cache miss)
226 http fetch GET 200 https://registry.npmjs.org/statuses/-/statuses-2.0.2.tgz 299ms (cache miss)
227 http fetch GET 200 https://registry.npmjs.org/range-parser/-/range-parser-1.2.1.tgz 305ms (cache miss)
228 http fetch GET 200 https://registry.npmjs.org/path-to-regexp/-/path-to-regexp-0.1.13.tgz 312ms (cache miss)
229 http fetch GET 200 https://registry.npmjs.org/object-assign/-/object-assign-4.1.1.tgz 312ms (cache miss)
230 http fetch GET 200 https://registry.npmjs.org/ms/-/ms-2.0.0.tgz 318ms (cache miss)
231 http fetch GET 200 https://registry.npmjs.org/parseurl/-/parseurl-1.3.3.tgz 327ms (cache miss)
232 http fetch GET 200 https://registry.npmjs.org/merge-descriptors/-/merge-descriptors-1.0.3.tgz 336ms (cache miss)
233 http fetch GET 200 https://registry.npmjs.org/lodash.once/-/lodash.once-4.1.1.tgz 335ms (cache miss)
234 http fetch GET 200 https://registry.npmjs.org/mime-types/-/mime-types-2.1.35.tgz 340ms (cache miss)
235 http fetch GET 200 https://registry.npmjs.org/methods/-/methods-1.1.2.tgz 351ms (cache miss)
236 http fetch GET 200 https://registry.npmjs.org/mime/-/mime-1.6.0.tgz 356ms (cache miss)
237 warn tarball tarball data for http-errors@https://registry.npmjs.org/http-errors/-/http-errors-2.0.1.tgz (sha512-4FbRdAX+bSdmo4AUFuS0WNiPz8NgFt+r8ThgNWmlrQjt1Q7ZR9+zTlce2859x4KSXrwIsaeTqDoKQmtP8pLmQ==) seems to be corrupted. Trying again.
238 warn tarball tarball data for lodash.once@https://registry.npmjs.org/lodash.once/-/lodash.once-4.1.1.tgz (sha512-Sb487aTOCr9drQVL8pIxOzVhafOjZN9UU54hiN8PU3uAiSV7lx1yYNpbNmex2PK6SJoNTSJUUswT651yww3Mg==) seems to be corrupted. Trying again.
239 http fetch GET 200 https://registry.npmjs.org/media-typer/-/media-typer-0.3.0.tgz 408ms (cache miss)
240 http fetch GET 200 https://registry.npmjs.org/cors/-/cors-2.8.6.tgz 434ms (cache miss)
241 http fetch GET 200 https://registry.npmjs.org/lodash.isstring/-/lodash.isstring-4.0.1.tgz 429ms (cache miss)
242 http fetch GET 200 https://registry.npmjs.org/lodash.isboolean/-/lodash.isboolean-3.0.3.tgz 437ms (cache miss)
243 http fetch GET 200 https://registry.npmjs.org/lodash.isinteger/-/lodash.isinteger-4.0.4.tgz 450ms (cache miss)
244 http fetch GET 200 https://registry.npmjs.org/lodash.isnumber/-/lodash.isnumber-3.0.3.tgz 451ms (cache miss)
245 http fetch GET 200 https://registry.npmjs.org/lodash.isplainobject/-/lodash.isplainobject-4.0.6.tgz 453ms (cache miss)
246 http fetch GET 200 https://registry.npmjs.org/inherits/-/inherits-2.0.4.tgz 450ms (cache miss)
247 http fetch GET 200 https://registry.npmjs.org/http-errors/-/http-errors-2.0.1.tgz 450ms (cache miss)
248 http fetch GET 200 https://registry.npmjs.org/proxy-addr/-/proxy-addr-2.0.7.tgz 469ms (cache miss)
249 http fetch GET 200 https://registry.npmjs.org/on-finished/-/on-finished-2.4.1.tgz 478ms (cache miss)
250 http fetch GET 200 https://registry.npmjs.org/jwa/-/jwa-2.0.1.tgz 471ms (cache miss)
251 http fetch GET 200 https://registry.npmjs.org/safe-buffer/-/safe-buffer-5.2.1.tgz 484ms (cache miss)
252 http fetch GET 200 https://registry.npmjs.org/get-proto/-/get-proto-1.0.1.tgz 484ms (cache miss)
253 http fetch GET 200 https://registry.npmjs.org/escape-html/-/escape-html-1.0.3.tgz 487ms (cache miss)
254 http fetch GET 200 https://registry.npmjs.org/encodeurl/-/encodeurl-2.0.0.tgz 486ms (cache miss)
255 http fetch GET 200 https://registry.npmjs.org/etag/-/etag-1.8.1.tgz 489ms (cache miss)
256 http fetch GET 200 https://registry.npmjs.org/fresh/-/fresh-0.5.2.tgz 492ms (cache miss)
257 http fetch GET 200 https://registry.npmjs.org/ee-first/-/ee-first-1.1.1.tgz 490ms (cache miss)
258 http fetch GET 200 https://registry.npmjs.org/ipaddr.js/-/ipaddr.js-1.9.1.tgz 514ms (cache miss)
259 http fetch GET 200 https://registry.npmjs.org/safer-buffer/-/safer-buffer-2.1.2.tgz 533ms (cache miss)
260 http fetch GET 200 https://registry.npmjs.org/cookie/-/cookie-0.7.2.tgz 510ms (cache miss)
261 http fetch GET 200 https://registry.npmjs.org/lodash.includes/-/lodash.includes-4.3.0.tgz 526ms (cache miss)
262 http fetch GET 200 https://registry.npmjs.org/destroy/-/destroy-1.2.0.tgz 519ms (cache miss)
263 http fetch GET 200 https://registry.npmjs.org/forwarded/-/forwarded-0.2.0.tgz 524ms (cache miss)
264 http fetch GET 200 https://registry.npmjs.org/array-flatten/-/array-flatten-1.1.1.tgz 519ms (cache miss)
265 http fetch GET 200 https://registry.npmjs.org/side-channel-map/-/side-channel-map-1.0.1.tgz 550ms (cache miss)
266 http fetch GET 200 https://registry.npmjs.org/side-channel-weakmap/-/side-channel-weakmap-1.0.2.tgz 551ms (cache miss)
267 http fetch GET 200 https://registry.npmjs.org/cookie-signature/-/cookie-signature-1.0.7.tgz 524ms (cache miss)
268 http fetch GET 200 https://registry.npmjs.org/bytes/-/bytes-3.1.2.tgz 522ms (cache miss)
269 http fetch GET 200 https://registry.npmjs.org/ms/-/ms-2.1.3.tgz 522ms (cache miss)
270 http fetch GET 200 https://registry.npmjs.org/content-type/-/content-type-1.0.5.tgz 528ms (cache miss)
271 http fetch GET 200 https://registry.npmjs.org/accepts/-/accepts-1.3.8.tgz 529ms (cache miss)
272 http fetch GET 200 https://registry.npmjs.org/ms/-/ms-2.1.3.tgz 530ms (cache miss)
273 http fetch GET 200 https://registry.npmjs.org/finalhandler/-/finalhandler-1.3.2.tgz 545ms (cache miss)
274 http fetch GET 200 https://registry.npmjs.org/side-channel-list/-/side-channel-list-1.0.1.tgz 572ms (cache miss)
275 http fetch GET 200 https://registry.npmjs.org/lodash.once/-/lodash.once-4.1.1.tgz 307ms (cache miss)
276 http fetch GET 200 https://registry.npmjs.org/ecdsa-sig-formatter/-/ecdsa-sig-formatter-1.0.11.tgz 553ms (cache miss)
277 http fetch GET 200 https://registry.npmjs.org/buffer-equal-constant-time/-/buffer-equal-constant-time-1.0.1.tgz 549ms (cache miss)
278 http fetch GET 200 https://registry.npmjs.org/http-errors/-/http-errors-2.0.1.tgz 308ms (cache miss)
279 http fetch GET 200 https://registry.npmjs.org/content-disposition/-/content-disposition-0.5.4.tgz 560ms (cache miss)
280 http fetch GET 200 https://registry.npmjs.org/hasown/-/hasown-2.0.4.tgz 573ms (cache miss)
281 http fetch GET 200 https://registry.npmjs.org/depd/-/depd-2.0.0.tgz 567ms (cache miss)
282 http fetch GET 200 https://registry.npmjs.org/negotiator/-/negotiator-0.6.3.tgz 587ms (cache miss)
283 http fetch GET 200 https://registry.npmjs.org/mime-db/-/mime-db-1.52.0.tgz 587ms (cache miss)
284 http fetch GET 200 https://registry.npmjs.org/es-define-property/-/es-define-property-1.0.1.tgz 577ms (cache miss)
285 http fetch GET 200 https://registry.npmjs.org/jws/-/jws-4.0.1.tgz 589ms (cache miss)
286 http fetch GET 200 https://registry.npmjs.org/call-bound/-/call-bound-1.0.4.tgz 577ms (cache miss)
287 http fetch GET 200 https://registry.npmjs.org/gopd/-/gopd-1.2.0.tgz 590ms (cache miss)
288 http fetch GET 200 https://registry.npmjs.org/get-intrinsic/-/get-intrinsic-1.3.0.tgz 591ms (cache miss)
289 http fetch GET 200 https://registry.npmjs.org/function-bind/-/function-bind-1.1.2.tgz 592ms (cache miss)
290 http fetch GET 200 https://registry.npmjs.org/body-parser/-/body-parser-1.20.5.tgz 593ms (cache miss)
291 http fetch GET 200 https://registry.npmjs.org/es-object-atoms/-/es-object-atoms-1.1.2.tgz 603ms (cache miss)
292 http fetch GET 200 https://registry.npmjs.org/dunder-proto/-/dunder-proto-1.0.1.tgz 608ms (cache miss)
293 http fetch GET 200 https://registry.npmjs.org/has-symbols/-/has-symbols-1.1.0.tgz 618ms (cache miss)
294 http fetch GET 200 https://registry.npmjs.org/debug/-/debug-2.6.9.tgz 614ms (cache miss)
295 http fetch GET 200 https://registry.npmjs.org/es-errors/-/es-errors-1.3.0.tgz 619ms (cache miss)
296 http fetch GET 200 https://registry.npmjs.org/call-bind-apply-helpers/-/call-bind-apply-helpers-1.0.2.tgz 614ms (cache miss)
297 http fetch GET 200 https://registry.npmjs.org/qs/-/qs-6.15.2.tgz 649ms (cache miss)
298 http fetch GET 200 https://registry.npmjs.org/express/-/express-4.22.2.tgz 665ms (cache miss)
299 http fetch GET 200 https://registry.npmjs.org/math-intrinsics/-/math-intrinsics-1.1.0.tgz 654ms (cache miss)
300 http fetch GET 200 https://registry.npmjs.org/bcryptjs/-/bcryptjs-2.4.3.tgz 680ms (cache miss)
301 http fetch GET 200 https://registry.npmjs.org/object-inspect/-/object-inspect-1.13.4.tgz 671ms (cache miss)
302 http fetch GET 200 https://registry.npmjs.org/iconv-lite/-/iconv-lite-0.4.24.tgz 703ms (cache miss)
303 http fetch GET 200 https://registry.npmjs.org/semver/-/semver-7.8.3.tgz 718ms (cache miss)
304 http fetch GET 200 https://registry.npmjs.org/uuid/-/uuid-9.0.1.tgz 760ms (cache miss)
305 warn deprecated uuid@9.0.1: uuid@10 and below is no longer supported.  For ESM codebases, update to uuid@latest.  For CommonJS codebases, use uuid@11 (but be aware this version will likely be deprecated in 2028).
306 warn cleanup Failed to remove some directories [
306 warn cleanup   [
306 warn cleanup     '\\\\?\\C:\\Users\\user\\Desktop\\messenger-hw\\backend\\node_modules\\bcryptjs',
306 warn cleanup     [Error: EPERM: operation not permitted, rmdir 'C:\Users\user\Desktop\messenger-hw\backend\node_modules\bcryptjs\externs'] {
306 warn cleanup       errno: -4048,
306 warn cleanup       code: 'EPERM',
306 warn cleanup       syscall: 'rmdir',
306 warn cleanup       path: 'C:\\Users\\user\\Desktop\\messenger-hw\\backend\\node_modules\\bcryptjs\\externs'
306 warn cleanup     }
306 warn cleanup   ]
306 warn cleanup ]
307 verbose stack Error: sha512-Sb487aTOCr9drQVL8pIxOzVhafOjZN9UU54hiN8PU3uAiSV7lx1yYNpbNmex2PK6SJoNTSJUUswT651yww3Mg== integrity checksum failed when using sha512: wanted sha512-Sb487aTOCr9drQVL8pIxOzVhafOjZN9UU54hiN8PU3uAiSV7lx1yYNpbNmex2PK6SJoNTSJUUswT651yww3Mg== but got sha512-Sb487aTOCr9drQVL8pIxOzVhafOjZN9UU54hiN8PU3uAiSV7lx1yYNpbNmex2PK6dSJoNTSJUUswT651yww3Mg==. (3903 bytes)
307 verbose stack     at #onEnd (C:\Users\user\AppData\Roaming\npm\node_modules\npm\node_modules\ssri\lib\index.js:116:19)
307 verbose stack     at IntegrityStream.emit (C:\Users\user\AppData\Roaming\npm\node_modules\npm\node_modules\ssri\lib\index.js:88:18)
307 verbose stack     at [maybeEmitEnd] (C:\Users\user\AppData\Roaming\npm\node_modules\npm\node_modules\minipass\dist\commonjs\index.js:721:18)
307 verbose stack     at IntegrityStream.emit (C:\Users\user\AppData\Roaming\npm\node_modules\npm\node_modules\minipass\dist\commonjs\index.js:802:29)
307 verbose stack     at IntegrityStream.emit (C:\Users\user\AppData\Roaming\npm\node_modules\npm\node_modules\ssri\lib\index.js:90:18)
307 verbose stack     at [flush] (C:\Users\user\AppData\Roaming\npm\node_modules\npm\node_modules\minipass\dist\commonjs\index.js:551:18)
307 verbose stack     at [resume] (C:\Users\user\AppData\Roaming\npm\node_modules\npm\node_modules\minipass\dist\commonjs\index.js:488:24)
307 verbose stack     at IntegrityStream.resume (C:\Users\user\AppData\Roaming\npm\node_modules\npm\node_modules\minipass\dist\commonjs\index.js:504:28)
307 verbose stack     at CachingMinipassPipeline.emit (C:\Users\user\AppData\Roaming\npm\node_modules\npm\node_modules\minipass-pipeline\index.js:105:19)
307 verbose stack     at CachingMinipassPipeline.emit (C:\Users\user\AppData\Roaming\npm\node_modules\npm\node_modules\make-fetch-happen\lib\pipeline.js:37:18)
308 error code EINTEGRITY
309 error sha512-Sb487aTOCr9drQVL8pIxOzVhafOjZN9UU54hiN8PU3uAiSV7lx1yYNpbNmex2PK6SJoNTSJUUswT651yww3Mg== integrity checksum failed when using sha512: wanted sha512-Sb487aTOCr9drQVL8pIxOzVhafOjZN9UU54hiN8PU3uAiSV7lx1yYNpbNmex2PK6SJoNTSJUUswT651yww3Mg== but got sha512-Sb487aTOCr9drQVL8pIxOzVhafOjZN9UU54hiN8PU3uAiSV7lx1yYNpbNmex2PK6dSJoNTSJUUswT651yww3Mg==. (3903 bytes)
310 silly unfinished npm timer reify 1780993419816
311 silly unfinished npm timer reify:unpack 1780993420244
312 silly unfinished npm timer reifyNode:node_modules/lodash.once 1780993420244
313 silly unfinished npm timer reifyNode:node_modules/http-errors 1780993420244
314 verbose cwd C:\Users\user\Desktop\messenger-hw\backend
315 verbose os Windows_NT 10.0.19045
316 verbose node v24.14.0
317 verbose npm  v11.11.0
318 notice
318 notice New [33mminor[39m version of npm available! [33m11.11.0[39m -> [34m11.16.0[39m
318 notice Changelog: [34mhttps://github.com/npm/cli/releases/tag/v11.16.0[39m
318 notice To update run: [4mnpm install -g npm@11.16.0[24m
318 notice  { force: true, Symbol(proc-log.meta): true }
319 verbose exit 1
320 verbose code 1
321 error A complete log of this run can be found in: C:\Users\user\Desktop\messenger-hw\backend\.npm-cache-temp\_logs\2026-06-09T08_23_39_432Z-debug-0.log
